2024-11-26 16:12:31,info,development Build 🔥,"{""environment"":""development""}"
2024-11-26 16:12:31,info,App running on port 8000...,"{""port"":""8000""}"
2024-11-26 16:12:32,info,DB CONNECTED SUCCESSFULLY!,"{}"
2024-11-26 18:45:27,info,development Build 🔥,"{""environment"":""development""}"
2024-11-26 18:45:27,info,App running on port 8000...,"{""port"":""8000""}"
2024-11-26 18:45:27,info,DB CONNECTED SUCCESSFULLY!,"{}"
2024-11-26 19:00:59,info,development Build 🔥,"{""environment"":""development""}"
2024-11-26 19:00:59,info,App running on port 8000...,"{""port"":""8000""}"
2024-11-26 19:01:02,info,DB CONNECTED SUCCESSFULLY!,"{}"
2024-11-26 19:05:31,info,development Build 🔥,"{""environment"":""development""}"
2024-11-26 19:05:31,info,App running on port 8000...,"{""port"":""8000""}"
2024-11-26 19:05:31,info,DB CONNECTED SUCCESSFULLY!,"{}"
2024-11-26 19:10:13,info,development Build 🔥,"{""environment"":""development""}"
2024-11-26 19:10:13,info,App running on port 8000...,"{""port"":""8000""}"
2024-11-26 19:10:14,info,DB CONNECTED SUCCESSFULLY!,"{}"
2024-11-26 19:12:52,info,development Build 🔥,"{""environment"":""development""}"
2024-11-26 19:12:52,info,App running on port 8000...,"{""port"":""8000""}"
2024-11-26 19:12:53,info,DB CONNECTED SUCCESSFULLY!,"{}"
2024-11-26 19:13:50,info,development Build 🔥,"{""environment"":""development""}"
2024-11-26 19:13:50,info,App running on port 5050...,"{""port"":""5050""}"
2024-11-26 19:13:52,info,DB CONNECTED SUCCESSFULLY!,"{}"
2024-11-26 19:14:08,error,ERROR 💥  Error: Can't find / on this server!,"{}"
2024-11-26 19:14:15,error,ERROR 💥  Error: Can't find /api on this server!,"{}"
2024-11-26 19:14:20,error,ERROR 💥  Error: Can't find /api/ on this server!,"{}"
2024-11-26 19:15:45,error,ERROR 💥  Error: Incorrect email or password,"{}"
2024-11-26 19:16:27,info,User uCLbjUX_dfEotqFcAAAB joining room null,"{}"
2024-11-26 19:16:27,info,Users in room null: uCLbjUX_dfEotqFcAAAB,"{}"
2024-11-26 19:16:29,info,Socket disconnected: uCLbjUX_dfEotqFcAAAB,"{}"
2024-11-26 19:16:46,info,Meetings fetched successfully,"{""count"":11}"
2024-11-26 19:17:16,info,User wFxcvWRbQ_DJ4aLeAAAD joining room 6703ce2b6b8e23662f0f9055,"{}"
2024-11-26 19:17:16,info,Users in room 6703ce2b6b8e23662f0f9055: wFxcvWRbQ_DJ4aLeAAAD,"{}"
2024-11-26 19:17:24,info,Socket disconnected: wFxcvWRbQ_DJ4aLeAAAD,"{}"
2024-11-26 19:28:44,info,User DaLwr-ee_zFnkg5bAAAF joining room null,"{}"
2024-11-26 19:28:44,info,Users in room null: DaLwr-ee_zFnkg5bAAAF,"{}"
2024-11-26 19:28:46,info,Socket disconnected: DaLwr-ee_zFnkg5bAAAF,"{}"
2024-11-26 19:29:36,info,User oADxyoE67o3gNvozAAAH joining room null,"{}"
2024-11-26 19:29:36,info,Users in room null: oADxyoE67o3gNvozAAAH,"{}"
2024-11-26 19:29:38,info,Socket disconnected: oADxyoE67o3gNvozAAAH,"{}"
2024-11-26 19:30:17,info,User jnSRqmx2l1Gcm3trAAAJ joining room null,"{}"
2024-11-26 19:30:17,info,Users in room null: jnSRqmx2l1Gcm3trAAAJ,"{}"
2024-11-26 19:30:18,info,Socket disconnected: jnSRqmx2l1Gcm3trAAAJ,"{}"
2024-11-26 19:30:37,info,User h-M7sgdFGIMGKvLEAAAL joining room null,"{}"
2024-11-26 19:30:37,info,Users in room null: h-M7sgdFGIMGKvLEAAAL,"{}"
2024-11-26 19:30:58,info,User undefined sending message to room undefined: hey,"{}"
2024-11-26 19:31:20,info,Socket disconnected: h-M7sgdFGIMGKvLEAAAL,"{}"
2024-11-26 19:31:40,info,Meetings fetched successfully,"{""count"":11}"
2024-11-26 19:34:49,error,ERROR 💥  Error: Incorrect email or password,"{}"
2024-11-26 19:35:02,error,ERROR 💥  Error: Incorrect email or password,"{}"
2024-11-26 19:35:12,error,ERROR 💥  Error: Student profile not found,"{}"
2024-11-26 19:35:41,error,ERROR 💥  Error: Student profile not found,"{}"
2024-11-26 19:35:50,info,User -RRAZE3im4sEtsuyAAAN joining room null,"{}"
2024-11-26 19:35:50,info,Users in room null: -RRAZE3im4sEtsuyAAAN,"{}"
2024-11-26 19:44:48,info,User undefined sending message to room undefined: hey,"{}"
2024-11-26 19:46:24,info,Socket disconnected: -RRAZE3im4sEtsuyAAAN,"{}"
2024-11-26 19:46:26,info,User FXJNZb9SoqznjatuAAAP joining room null,"{}"
2024-11-26 19:46:26,info,Users in room null: FXJNZb9SoqznjatuAAAP,"{}"
2024-11-26 19:46:26,info,Socket disconnected: FXJNZb9SoqznjatuAAAP,"{}"
2024-11-26 19:46:27,info,User o_NIwe8SZH7tZmu1AAAR joining room null,"{}"
2024-11-26 19:46:27,info,Users in room null: o_NIwe8SZH7tZmu1AAAR,"{}"
2024-11-26 19:46:30,info,Socket disconnected: o_NIwe8SZH7tZmu1AAAR,"{}"
2024-11-26 19:59:06,error,ERROR 💥  Error: You are not logged in! Please log in to get access,"{}"
2024-11-26 19:59:12,error,ERROR 💥  Error: You are not logged in! Please log in to get access,"{}"
2024-11-26 19:59:16,error,ERROR 💥  Error: You are not logged in! Please log in to get access,"{}"
2024-11-26 19:59:20,error,ERROR 💥  Error: You are not logged in! Please log in to get access,"{}"
2024-11-26 19:59:30,error,ERROR 💥  Error: You are not logged in! Please log in to get access,"{}"
2024-11-26 20:01:38,error,ERROR 💥  Error: You are not logged in! Please log in to get access,"{}"
2024-11-26 20:01:47,error,ERROR 💥  Error: You are not logged in! Please log in to get access,"{}"
2024-11-26 20:02:10,error,ERROR 💥  Error: You are not logged in! Please log in to get access,"{}"
2024-11-26 20:04:23,error,ERROR 💥  Error: You are not logged in! Please log in to get access,"{}"
2024-11-26 20:04:34,error,ERROR 💥  Error: You are not logged in! Please log in to get access,"{}"
2024-11-26 20:20:33,error,ERROR 💥  Error: Incorrect email or password,"{}"
2024-11-26 20:20:58,error,ERROR 💥  Error: Incorrect email or password,"{}"
2024-11-26 20:21:09,error,ERROR 💥  Error: Incorrect email or password,"{}"
2024-11-26 20:42:48,error,ERROR 💥  Error: Incorrect email or password,"{}"
2024-11-26 20:43:09,error,ERROR 💥  Error: Incorrect email or password,"{}"
2024-11-26 20:43:34,error,ERROR 💥  Error: Incorrect email or password,"{}"
2024-11-26 20:43:38,error,ERROR 💥  Error: Incorrect email or password,"{}"
2024-11-26 20:43:41,error,ERROR 💥  Error: Incorrect email or password,"{}"
2024-11-26 20:44:12,error,ERROR 💥  Error: Incorrect email or password,"{}"
2024-11-26 20:45:01,error,ERROR 💥  Error: Incorrect email or password,"{}"
2024-11-26 20:45:50,error,ERROR 💥  Error: Incorrect email or password,"{}"
2024-11-26 20:48:48,error,ERROR 💥  Error: Incorrect email or password,"{}"
2024-11-26 20:49:22,error,ERROR 💥  Error: Incorrect email or password,"{}"
2024-11-26 20:52:07,error,ERROR 💥  Error: Incorrect email or password,"{}"
2024-11-26 20:54:11,error,ERROR 💥  Error: Incorrect email or password,"{}"
2024-11-26 20:54:46,error,ERROR 💥  Error: Incorrect email or password,"{}"
2024-11-26 20:56:02,info,development Build 🔥,"{""environment"":""development""}"
2024-11-26 20:56:02,info,App running on port 8000...,"{""port"":""8000""}"
2024-11-26 20:56:03,info,DB CONNECTED SUCCESSFULLY!,"{}"
2024-11-26 20:56:31,info,development Build 🔥,"{""environment"":""development""}"
2024-11-26 20:56:31,info,App running on port 5050...,"{""port"":""5050""}"
2024-11-26 20:56:32,info,DB CONNECTED SUCCESSFULLY!,"{}"
2024-11-26 20:56:58,info,development Build 🔥,"{""environment"":""development""}"
2024-11-26 20:56:58,info,App running on port 5050...,"{""port"":""5050""}"
2024-11-26 20:56:59,info,DB CONNECTED SUCCESSFULLY!,"{}"
2024-11-26 20:59:45,error,ERROR 💥  Error: Incorrect email or password,"{}"
2024-11-26 21:00:36,error,ERROR 💥  Error: You are not logged in! Please log in to get access,"{}"
2024-11-26 21:01:22,error,ERROR 💥  Error: You are not logged in! Please log in to get access,"{}"
2024-11-26 21:01:49,error,ERROR 💥  Error: Incorrect email or password,"{}"
2024-11-26 21:01:55,error,ERROR 💥  Error: Incorrect email or password,"{}"
2024-11-26 21:06:06,error,ERROR 💥  Error: Incorrect email or password,"{}"
2024-11-26 21:06:07,error,ERROR 💥  Error: Incorrect email or password,"{}"
2024-11-26 21:06:29,error,ERROR 💥  Error: Incorrect email or password,"{}"
2024-11-26 21:07:31,error,ERROR 💥  Error: Incorrect email or password,"{}"
2024-11-26 21:07:46,info,User Hvh1ukoBxiLAdVgtAAAB joining room 6703ce2b6b8e23662f0f9055,"{}"
2024-11-26 21:07:46,info,Users in room 6703ce2b6b8e23662f0f9055: Hvh1ukoBxiLAdVgtAAAB,"{}"
2024-11-26 21:07:57,info,Socket disconnected: Hvh1ukoBxiLAdVgtAAAB,"{}"
2024-11-26 21:08:00,info,User uylnib9kcNMyIiDZAAAD joining room 6703ce2b6b8e23662f0f9055,"{}"
2024-11-26 21:08:00,info,Users in room 6703ce2b6b8e23662f0f9055: uylnib9kcNMyIiDZAAAD,"{}"
2024-11-26 21:08:04,info,Socket disconnected: uylnib9kcNMyIiDZAAAD,"{}"
2024-11-26 21:09:19,error,ERROR 💥  Error: Incorrect email or password,"{}"
2024-11-26 21:09:34,error,ERROR 💥  Error: Incorrect email or password,"{}"
2024-11-26 21:09:49,error,ERROR 💥  Error: Incorrect email or password,"{}"
2024-11-26 21:10:24,error,ERROR 💥  Error: Incorrect email or password,"{}"
2024-11-26 21:11:43,info,User E_woc2zJtdjiFGQTAAAF joining room 673c72e4b22742e70f526df5,"{}"
2024-11-26 21:11:43,info,Users in room 673c72e4b22742e70f526df5: E_woc2zJtdjiFGQTAAAF,"{}"
2024-11-26 21:11:46,info,Socket disconnected: E_woc2zJtdjiFGQTAAAF,"{}"
2024-11-26 21:11:54,info,User 7kM_EW6_N4OwhJ-WAAAH joining room 6745ec30212c7620836f1070,"{}"
2024-11-26 21:11:54,info,Users in room 6745ec30212c7620836f1070: 7kM_EW6_N4OwhJ-WAAAH,"{}"
2024-11-26 21:12:00,info,User 665310106f3cca10c04c4d4b sending message to room 6745ec30212c7620836f1070: hey?,"{}"
2024-11-26 21:12:13,info,User 665310106f3cca10c04c4d4b sending message to room 6745ec30212c7620836f1070: this is sample of creation of demo faculty user,"{}"
2024-11-26 21:12:20,info,User 665310106f3cca10c04c4d4b sending message to room 6745ec30212c7620836f1070: generate demo summary ,"{}"
2024-11-26 21:12:24,info,User 665310106f3cca10c04c4d4b sending message to room 6745ec30212c7620836f1070: please ,"{}"
2024-11-26 21:12:35,info,Socket disconnected: 7kM_EW6_N4OwhJ-WAAAH,"{}"
