2024-11-26 19:14:08,error,ERROR 💥  Error: Can't find / on this server!,"{}"
2024-11-26 19:14:15,error,ERROR 💥  Error: Can't find /api on this server!,"{}"
2024-11-26 19:14:20,error,ERROR 💥  Error: Can't find /api/ on this server!,"{}"
2024-11-26 19:15:45,error,ERROR 💥  Error: Incorrect email or password,"{}"
2024-11-26 19:34:49,error,ERROR 💥  Error: Incorrect email or password,"{}"
2024-11-26 19:35:02,error,ERROR 💥  Error: Incorrect email or password,"{}"
2024-11-26 19:35:12,error,ERROR 💥  Error: Student profile not found,"{}"
2024-11-26 19:35:41,error,ERROR 💥  Error: Student profile not found,"{}"
2024-11-26 19:59:06,error,ERROR 💥  Error: You are not logged in! Please log in to get access,"{}"
2024-11-26 19:59:12,error,ERROR 💥  Error: You are not logged in! Please log in to get access,"{}"
2024-11-26 19:59:16,error,ERROR 💥  Error: You are not logged in! Please log in to get access,"{}"
2024-11-26 19:59:20,error,ERROR 💥  Error: You are not logged in! Please log in to get access,"{}"
2024-11-26 19:59:30,error,ERROR 💥  Error: You are not logged in! Please log in to get access,"{}"
2024-11-26 20:01:38,error,ERROR 💥  Error: You are not logged in! Please log in to get access,"{}"
2024-11-26 20:01:47,error,ERROR 💥  Error: You are not logged in! Please log in to get access,"{}"
2024-11-26 20:02:10,error,ERROR 💥  Error: You are not logged in! Please log in to get access,"{}"
2024-11-26 20:04:23,error,ERROR 💥  Error: You are not logged in! Please log in to get access,"{}"
2024-11-26 20:04:34,error,ERROR 💥  Error: You are not logged in! Please log in to get access,"{}"
2024-11-26 20:20:33,error,ERROR 💥  Error: Incorrect email or password,"{}"
2024-11-26 20:20:58,error,ERROR 💥  Error: Incorrect email or password,"{}"
2024-11-26 20:21:09,error,ERROR 💥  Error: Incorrect email or password,"{}"
2024-11-26 20:42:48,error,ERROR 💥  Error: Incorrect email or password,"{}"
2024-11-26 20:43:09,error,ERROR 💥  Error: Incorrect email or password,"{}"
2024-11-26 20:43:34,error,ERROR 💥  Error: Incorrect email or password,"{}"
2024-11-26 20:43:38,error,ERROR 💥  Error: Incorrect email or password,"{}"
2024-11-26 20:43:41,error,ERROR 💥  Error: Incorrect email or password,"{}"
2024-11-26 20:44:12,error,ERROR 💥  Error: Incorrect email or password,"{}"
2024-11-26 20:45:01,error,ERROR 💥  Error: Incorrect email or password,"{}"
2024-11-26 20:45:50,error,ERROR 💥  Error: Incorrect email or password,"{}"
2024-11-26 20:48:48,error,ERROR 💥  Error: Incorrect email or password,"{}"
2024-11-26 20:49:22,error,ERROR 💥  Error: Incorrect email or password,"{}"
2024-11-26 20:52:07,error,ERROR 💥  Error: Incorrect email or password,"{}"
2024-11-26 20:54:11,error,ERROR 💥  Error: Incorrect email or password,"{}"
2024-11-26 20:54:46,error,ERROR 💥  Error: Incorrect email or password,"{}"
2024-11-26 20:59:45,error,ERROR 💥  Error: Incorrect email or password,"{}"
2024-11-26 21:00:36,error,ERROR 💥  Error: You are not logged in! Please log in to get access,"{}"
2024-11-26 21:01:22,error,ERROR 💥  Error: You are not logged in! Please log in to get access,"{}"
2024-11-26 21:01:49,error,ERROR 💥  Error: Incorrect email or password,"{}"
2024-11-26 21:01:55,error,ERROR 💥  Error: Incorrect email or password,"{}"
2024-11-26 21:06:06,error,ERROR 💥  Error: Incorrect email or password,"{}"
2024-11-26 21:06:07,error,ERROR 💥  Error: Incorrect email or password,"{}"
2024-11-26 21:06:29,error,ERROR 💥  Error: Incorrect email or password,"{}"
2024-11-26 21:07:31,error,ERROR 💥  Error: Incorrect email or password,"{}"
2024-11-26 21:09:19,error,ERROR 💥  Error: Incorrect email or password,"{}"
2024-11-26 21:09:34,error,ERROR 💥  Error: Incorrect email or password,"{}"
2024-11-26 21:09:49,error,ERROR 💥  Error: Incorrect email or password,"{}"
2024-11-26 21:10:24,error,ERROR 💥  Error: Incorrect email or password,"{}"
